<?xml version="1.0" encoding="UTF-8"?>
<!-- Generated by org.testng.reporters.JUnitXMLReporter -->
<testsuite ignored="0" hostname="LAPTOP-DO61B2MO" failures="1" tests="1" name="Test11" time="0.033" errors="0" timestamp="2022-03-24T22:16:11 IST">
  <testcase classname="TestNG.Compatibility" name="compatibility_1" time="0.006">
    <failure type="java.lang.NullPointerException" message="Cannot invoke &amp;quot;Object.equals(Object)&amp;quot; because &amp;quot;browser&amp;quot; is null">
      <![CDATA[java.lang.NullPointerException: Cannot invoke "Object.equals(Object)" because "browser" is null
at TestNG.Compatibility.compatibility_1(Compatibility.java:28)
at java.base/java.util.ArrayList.forEach(ArrayList.java:1511)
... Removed 27 stack frames]]>
    </failure>
  </testcase> <!-- compatibility_1 -->
</testsuite> <!-- Test11 -->
