<?xml version="1.0" encoding="UTF-8"?>
<!-- Generated by org.testng.reporters.JUnitXMLReporter -->
<testsuite ignored="4" hostname="LAPTOP-DO61B2MO" failures="2" tests="2" name="Test(failed)" time="0.038" errors="0" timestamp="2022-03-21T00:04:19 IST">
  <testcase classname="Practice.Failed_1" name="m5" time="0.006">
    <failure type="java.lang.AssertionError" message="null">
      <![CDATA[java.lang.AssertionError: null
at Practice.Failed_1.m5(Failed_1.java:15)
at java.base/java.util.ArrayList.forEach(ArrayList.java:1511)
... Removed 29 stack frames]]>
    </failure>
  </testcase> <!-- m5 -->
  <testcase classname="Practice.Failed_w" name="m31" time="0.001">
    <failure type="java.lang.AssertionError" message="null">
      <![CDATA[java.lang.AssertionError: null
at Practice.Failed_w.m31(Failed_w.java:20)
at java.base/java.util.ArrayList.forEach(ArrayList.java:1511)
... Removed 29 stack frames]]>
    </failure>
  </testcase> <!-- m31 -->
  <testcase classname="Practice.Failed_w" name="m21" time="0.0">
    <ignored/>
  </testcase> <!-- m21 -->
  <testcase classname="Practice.Failed_w" name="m11" time="0.0">
    <ignored/>
  </testcase> <!-- m11 -->
  <testcase classname="Practice.Failed_1" name="m4" time="0.0">
    <ignored/>
  </testcase> <!-- m4 -->
  <testcase classname="Practice.Failed_1" name="m6" time="0.0">
    <ignored/>
  </testcase> <!-- m6 -->
</testsuite> <!-- Test(failed) -->
